<?xml version="1.0" encoding="UTF-8"?>
<!-- Generated by org.testng.reporters.JUnitXMLReporter -->
<testsuite ignored="0" hostname="pratiksha" failures="0" tests="4" name="Default test" time="0.067" errors="0" timestamp="2022-05-30T11:22:28 IST">
  <testcase classname="Tutorial.demo2" name="testa" time="0.01"/>
  <testcase classname="Tutorial.demo2" name="testt" time="0.001"/>
  <testcase classname="Tutorial.demo2" name="testz" time="0.002"/>
  <testcase classname="Tutorial.demo2" name="testb" time="0.001"/>
</testsuite> <!-- Default test -->
