<?xml version="1.0" encoding="UTF-8"?>
<testng-results ignored="0" total="4" passed="4" failed="0" skipped="0">
  <reporter-output>
  </reporter-output>
  <suite started-at="2022-05-30T11:22:28 IST" name="Default suite" finished-at="2022-05-30T11:22:28 IST" duration-ms="67">
    <groups>
    </groups>
    <test started-at="2022-05-30T11:22:28 IST" name="Default test" finished-at="2022-05-30T11:22:28 IST" duration-ms="67">
      <class name="Tutorial.demo2">
        <test-method signature="testa()[pri:0, instance:Tutorial.demo2@1cbb87f3]" started-at="2022-05-30T11:22:28 IST" name="testa" finished-at="2022-05-30T11:22:28 IST" duration-ms="10" status="PASS">
          <reporter-output>
          </reporter-output>
        </test-method> <!-- testa -->
        <test-method signature="testt()[pri:0, instance:Tutorial.demo2@1cbb87f3]" started-at="2022-05-30T11:22:28 IST" name="testt" finished-at="2022-05-30T11:22:28 IST" duration-ms="1" status="PASS">
          <reporter-output>
          </reporter-output>
        </test-method> <!-- testt -->
        <test-method signature="testz()[pri:0, instance:Tutorial.demo2@1cbb87f3]" started-at="2022-05-30T11:22:28 IST" name="testz" finished-at="2022-05-30T11:22:28 IST" duration-ms="2" status="PASS">
          <reporter-output>
          </reporter-output>
        </test-method> <!-- testz -->
        <test-method signature="testb()[pri:2, instance:Tutorial.demo2@1cbb87f3]" started-at="2022-05-30T11:22:28 IST" name="testb" finished-at="2022-05-30T11:22:28 IST" duration-ms="1" status="PASS">
          <reporter-output>
          </reporter-output>
        </test-method> <!-- testb -->
      </class> <!-- Tutorial.demo2 -->
    </test> <!-- Default test -->
  </suite> <!-- Default suite -->
</testng-results>
